+-----------------+
| comment         |
+-----------------+
| "Loading nodes" |
+-----------------+
+----------+----------+
| 'Area'   | count(*) |
+----------+----------+
| "Area"   | 93       |
+----------+----------+
+----------+----------+
| 'Crime'  | count(*) |
+----------+----------+
| "Crime"  | 28762    |
+----------+----------+
+----------+----------+
| 'Email'  | count(*) |
+----------+----------+
| "Email"  | 328      |
+----------+----------+
+------------+------------+
| 'Location' | count(*)   |
+------------+------------+
| "Location" | 14904      |
+------------+------------+
+----------+----------+
| 'Object' | count(*) |
+----------+----------+
| "Object" | 7        |
+----------+----------+
+-----------+-----------+
| 'Officer' | count(*)  |
+-----------+-----------+
| "Officer" | 1000      |
+-----------+-----------+
+----------+----------+
| 'Person' | count(*) |
+----------+----------+
| "Person" | 369      |
+----------+----------+
+----------+----------+
| 'Phone'  | count(*) |
+----------+----------+
| "Phone"  | 328      |
+----------+----------+
+-------------+-------------+
| 'PhoneCall' | count(*)    |
+-------------+-------------+
| "PhoneCall" | 534         |
+-------------+-------------+
+------------+------------+
| 'PostCode' | count(*)   |
+------------+------------+
| "PostCode" | 14196      |
+------------+------------+
+-----------+-----------+
| 'Vehicle' | count(*)  |
+-----------+-----------+
| "Vehicle" | 1000      |
+-----------+-----------+
+----------------------+
| comment              |
+----------------------+
| "Indices for labels" |
+----------------------+
+-----------------------------+
| comment                     |
+-----------------------------+
| "Indices for ID attributes" |
+-----------------------------+
+-------------------------+
| comment                 |
+-------------------------+
| "Creating relationship" |
+-------------------------+
+----------+----------+
| 'CALLED' | count(*) |
+----------+----------+
| "CALLED" | 534      |
+----------+----------+
+----------+----------+
| 'CALLER' | count(*) |
+----------+----------+
| "CALLER" | 534      |
+----------+----------+
+-------------------+-------------------+
| 'CURRENT_ADDRESS' | count(*)          |
+-------------------+-------------------+
| "CURRENT_ADDRESS" | 368               |
+-------------------+-------------------+
+------------+------------+
| 'PARTY_TO' | count(*)   |
+------------+------------+
| "PARTY_TO" | 55         |
+------------+------------+
+--------------+--------------+
| 'FAMILY_REL' | count(*)     |
+--------------+--------------+
| "FAMILY_REL" | 155          |
+--------------+--------------+
+----------+----------+
| 'KNOWS'  | count(*) |
+----------+----------+
| "KNOWS"  | 586      |
+----------+----------+
+------------+------------+
| 'KNOWS_LW' | count(*)   |
+------------+------------+
| "KNOWS_LW" | 80         |
+------------+------------+
+---------------+---------------+
| 'KNOWS_PHONE' | count(*)      |
+---------------+---------------+
| "KNOWS_PHONE" | 118           |
+---------------+---------------+
+------------+------------+
| 'KNOWS_SN' | count(*)   |
+------------+------------+
| "KNOWS_SN" | 241        |
+------------+------------+
+-------------+-------------+
| 'HAS_EMAIL' | count(*)    |
+-------------+-------------+
| "HAS_EMAIL" | 328         |
+-------------+-------------+
+-------------+-------------+
| 'HAS_PHONE' | count(*)    |
+-------------+-------------+
| "HAS_PHONE" | 328         |
+-------------+-------------+
+----------------+----------------+
| 'HAS_POSTCODE' | count(*)       |
+----------------+----------------+
| "HAS_POSTCODE" | 14904          |
+----------------+----------------+
+--------------------+--------------------+
| 'LOCATION_IN_AREA' | count(*)           |
+--------------------+--------------------+
| "LOCATION_IN_AREA" | 14904              |
+--------------------+--------------------+
+--------------------+--------------------+
| 'POSTCODE_IN_AREA' | count(*)           |
+--------------------+--------------------+
| "POSTCODE_IN_AREA" | 14196              |
+--------------------+--------------------+
+-------------------+-------------------+
| 'INVESTIGATED_BY' | count(*)          |
+-------------------+-------------------+
| "INVESTIGATED_BY" | 28762             |
+-------------------+-------------------+
+---------------+---------------+
| 'OCCURRED_AT' | count(*)      |
+---------------+---------------+
| "OCCURRED_AT" | 28762         |
+---------------+---------------+
+---------------+---------------+
| 'INVOLVED_IN' | count(*)      |
+---------------+---------------+
| "INVOLVED_IN" | 7             |
+---------------+---------------+
+-------------------------------+
| comment                       |
+-------------------------------+
| "Creating additional indexes" |
+-------------------------------+
+-------------+-------------+
| label       | count(*)    |
+-------------+-------------+
| "Area"      | 93          |
| "Crime"     | 28762       |
| "Email"     | 328         |
| "Location"  | 14904       |
| "Object"    | 7           |
| "Officer"   | 1000        |
| "Person"    | 369         |
| "Phone"     | 328         |
| "PhoneCall" | 534         |
| "PostCode"  | 14196       |
| "Vehicle"   | 1000        |
+-------------+-------------+
+--------------------+--------------------+
| type               | count(*)           |
+--------------------+--------------------+
| "CALLED"           | 534                |
| "CALLER"           | 534                |
| "CURRENT_ADDRESS"  | 368                |
| "FAMILY_REL"       | 155                |
| "HAS_EMAIL"        | 328                |
| "HAS_PHONE"        | 328                |
| "HAS_POSTCODE"     | 14904              |
| "INVESTIGATED_BY"  | 28762              |
| "INVOLVED_IN"      | 7                  |
| "KNOWS"            | 586                |
| "KNOWS_LW"         | 80                 |
| "KNOWS_PHONE"      | 118                |
| "KNOWS_SN"         | 241                |
| "LOCATION_IN_AREA" | 14904              |
| "OCCURRED_AT"      | 28762              |
| "PARTY_TO"         | 55                 |
| "POSTCODE_IN_AREA" | 14196              |
+--------------------+--------------------+
+-------------+-------------+
| 'All nodes' | count(*)    |
+-------------+-------------+
| "All nodes" | 61521       |
+-------------+-------------+
+---------------------+---------------------+
| 'All relationships' | count(*)            |
+---------------------+---------------------+
| "All relationships" | 104862              |
+---------------------+---------------------+
