Starting with database: ARANGODB

-------------------------------------------------------------------
Setup test: CreateSingleVertex 
Test data generation...
Starting test...
End of operations. Iterations: 19690, objects: 19690
Test done. Time: 00:00:05.005
Cleaning up...
Test done.

-------------------------------------------------------------------
Setup test: CreateRelationsInFlatStructure 
Test data generation...
Starting test...
Created edges in test: 45848
Test done. Time: 00:00:10.043
Cleaning up...
Test done.

-------------------------------------------------------------------
Setup test: CreateRelationsInStarStructure 
Test data generation...
Starting test...
Created edges in test: 50010
Test done. Time: 00:00:09.999
Cleaning up...
Test done.

-------------------------------------------------------------------
Setup test: CreateBasicRelationTest 
Test data generation...
Starting test...
Test done. Time: 00:00:00.001
Cleaning up...
Test done.
11/18/18, 10:35:13 PM ==========================================================

-- Meters ----------------------------------------------------------------------
Creating node
             count = 0
         mean rate = 0.00 events/second
Creating relation
             count = 0
         mean rate = 0.00 events/second

-- Timers ----------------------------------------------------------------------
Create node
             count = 19690
         mean rate = 690.52 calls/second
               min = 161.65 microseconds
               max = 9248.58 microseconds
              mean = 237.84 microseconds
              99% <= 706.30 microseconds
CreateRelationsInFlatStructure
             count = 45838
         mean rate = 2200.25 calls/second
               min = 165.14 microseconds
               max = 5645.15 microseconds
              mean = 199.76 microseconds
              99% <= 280.77 microseconds
CreateRelationsInStarStructure
             count = 49910
         mean rate = 4894.26 calls/second
               min = 163.98 microseconds
               max = 335.53 microseconds
              mean = 190.24 microseconds
              99% <= 263.01 microseconds
			  